Traceback (most recent call last):
  File "C:\Users\malik\AppData\Local\Programs\Python\Python313\Lib\site-packages\jupyter_cache\executors\utils.py", line 58, in single_nb_execution
    executenb(
    ~~~~~~~~~^
        nb,
        ^^^
    ...<4 lines>...
        **kwargs,
        ^^^^^^^^^
    )
    ^
  File "C:\Users\malik\AppData\Local\Programs\Python\Python313\Lib\site-packages\nbclient\client.py", line 1314, in execute
    return NotebookClient(nb=nb, resources=resources, km=km, **kwargs).execute()
           ~~~~~~~~~~~~~~~~~~~~~~~~~~~~~~~~~~~~~~~~~~~~~~~~~~~~~~~~~~~~~~~~~~~^^
  File "C:\Users\malik\AppData\Local\Programs\Python\Python313\Lib\site-packages\jupyter_core\utils\__init__.py", line 165, in wrapped
    return loop.run_until_complete(inner)
           ~~~~~~~~~~~~~~~~~~~~~~~^^^^^^^
  File "C:\Users\malik\AppData\Local\Programs\Python\Python313\Lib\asyncio\base_events.py", line 721, in run_until_complete
    return future.result()
           ~~~~~~~~~~~~~^^
  File "C:\Users\malik\AppData\Local\Programs\Python\Python313\Lib\site-packages\nbclient\client.py", line 709, in async_execute
    await self.async_execute_cell(
        cell, index, execution_count=self.code_cells_executed + 1
    )
  File "C:\Users\malik\AppData\Local\Programs\Python\Python313\Lib\site-packages\nbclient\client.py", line 1062, in async_execute_cell
    await self._check_raise_for_error(cell, cell_index, exec_reply)
  File "C:\Users\malik\AppData\Local\Programs\Python\Python313\Lib\site-packages\nbclient\client.py", line 918, in _check_raise_for_error
    raise CellExecutionError.from_cell_and_msg(cell, exec_reply_content)
nbclient.exceptions.CellExecutionError: An error occurred while executing the following cell:
------------------
# prompt: solve the above system with the solve_ivp method

import numpy as np
from scipy.integrate import solve_ivp, solve_bvp
from scipy.optimize import root

def model(t, y):
  y, v = y
  g = -9.8  # Acceleration due to gravity
  dydt = v
  dvdt = g
  return [dydt, dvdt]

# Initial condition for altitude (y)
y0 = 0

# Define the time span
t_span = [0, 5]

# Define the boundary condition for altitude at the end time
y_end = 50

# Implement the shooting method
def shooting_method(v0):
  y_initial = [y0, v0[0]]
  sol = solve_ivp(model, t_span, y_initial, method='RK45')
  return sol.y[0][-1]


# Find the root for the shooting method
result = root(lambda v0: shooting_method(v0) - y_end, 1) # Initial guess for v0
print(result)
v0 = result.x[0]  # The calculated initial velocity

# Solve the IVP with the found initial velocity
y_initial = [y0, v0]
sol = solve_ivp(model, t_span, y_initial, method='RK45')

# Print the solution
print(f"Initial velocity (v0): {v0:.2f} m/s")
print(f"Altitude at t=5s: {sol.y[0][-1]:.2f} m")
------------------


[1;31m---------------------------------------------------------------------------[0m
[1;31mModuleNotFoundError[0m                       Traceback (most recent call last)
Cell [1;32mIn[1], line 3[0m
[0;32m      1[0m [38;5;66;03m# prompt: solve the above system with the solve_ivp method[39;00m
[1;32m----> 3[0m [38;5;28;01mimport[39;00m [38;5;21;01mnumpy[39;00m [38;5;28;01mas[39;00m [38;5;21;01mnp[39;00m
[0;32m      4[0m [38;5;28;01mfrom[39;00m [38;5;21;01mscipy[39;00m[38;5;21;01m.[39;00m[38;5;21;01mintegrate[39;00m [38;5;28;01mimport[39;00m solve_ivp, solve_bvp
[0;32m      5[0m [38;5;28;01mfrom[39;00m [38;5;21;01mscipy[39;00m[38;5;21;01m.[39;00m[38;5;21;01moptimize[39;00m [38;5;28;01mimport[39;00m root

[1;31mModuleNotFoundError[0m: No module named 'numpy'

