Traceback (most recent call last):
  File "C:\Users\malik\AppData\Local\Packages\PythonSoftwareFoundation.Python.3.11_qbz5n2kfra8p0\LocalCache\local-packages\Python311\site-packages\jupyter_cache\executors\utils.py", line 58, in single_nb_execution
    executenb(
  File "C:\Users\malik\AppData\Local\Packages\PythonSoftwareFoundation.Python.3.11_qbz5n2kfra8p0\LocalCache\local-packages\Python311\site-packages\nbclient\client.py", line 1314, in execute
    return NotebookClient(nb=nb, resources=resources, km=km, **kwargs).execute()
           ^^^^^^^^^^^^^^^^^^^^^^^^^^^^^^^^^^^^^^^^^^^^^^^^^^^^^^^^^^^^^^^^^^^^^
  File "C:\Users\malik\AppData\Local\Packages\PythonSoftwareFoundation.Python.3.11_qbz5n2kfra8p0\LocalCache\local-packages\Python311\site-packages\jupyter_core\utils\__init__.py", line 165, in wrapped
    return loop.run_until_complete(inner)
           ^^^^^^^^^^^^^^^^^^^^^^^^^^^^^^
  File "C:\Program Files\WindowsApps\PythonSoftwareFoundation.Python.3.11_3.11.2544.0_x64__qbz5n2kfra8p0\Lib\asyncio\base_events.py", line 654, in run_until_complete
    return future.result()
           ^^^^^^^^^^^^^^^
  File "C:\Users\malik\AppData\Local\Packages\PythonSoftwareFoundation.Python.3.11_qbz5n2kfra8p0\LocalCache\local-packages\Python311\site-packages\nbclient\client.py", line 709, in async_execute
    await self.async_execute_cell(
  File "C:\Users\malik\AppData\Local\Packages\PythonSoftwareFoundation.Python.3.11_qbz5n2kfra8p0\LocalCache\local-packages\Python311\site-packages\nbclient\client.py", line 1062, in async_execute_cell
    await self._check_raise_for_error(cell, cell_index, exec_reply)
  File "C:\Users\malik\AppData\Local\Packages\PythonSoftwareFoundation.Python.3.11_qbz5n2kfra8p0\LocalCache\local-packages\Python311\site-packages\nbclient\client.py", line 918, in _check_raise_for_error
    raise CellExecutionError.from_cell_and_msg(cell, exec_reply_content)
nbclient.exceptions.CellExecutionError: An error occurred while executing the following cell:
------------------
# prompt: Give me an example of an ugly 2D function, plot it as a surface in plotly and show its gradients in arrows

import numpy as np
import plotly.graph_objects as go
import plotly.figure_factory as ff

# Define the function
def ugly_function(x, y):
  return (np.sin(x) * np.cos(y) + np.cos(x) * np.sin(y)) * np.exp(-(x**2 + y**2) / 10)

# Create a grid of x and y values
x = np.linspace(-5, 5, 50)
y = np.linspace(-5, 5, 50)
X, Y = np.meshgrid(x, y)

# Calculate the function values and gradients
Z = ugly_function(X, Y)
dZdx, dZdy = np.gradient(Z)

# Create the surface plot
fig = go.Figure(data=[go.Surface(z=Z, x=X, y=Y)])
fig.update_layout(title='Ugly 2D Function', autosize=False,
                  width=500, height=500,
                  margin=dict(l=65, r=50, b=65, t=90))

# Add gradient arrows to the plot
arrow_x = X[::5, ::5].flatten()
arrow_y = Y[::5, ::5].flatten()
arrow_z = Z[::5, ::5].flatten()
arrow_u = dZdx[::5, ::5].flatten()
arrow_v = dZdy[::5, ::5].flatten()


fig.add_trace(go.Cone(
    x=arrow_x,
    y=arrow_y,
    z=arrow_z,
    u=arrow_u,
    v=arrow_v,
    w=np.zeros_like(arrow_u),
    sizemode="absolute",
    sizeref=0.1,
    showscale=False,
    colorscale='Blues'
))

fig.show()

------------------


[1;31m---------------------------------------------------------------------------[0m
[1;31mModuleNotFoundError[0m                       Traceback (most recent call last)
Cell [1;32mIn[16], line 4[0m
[0;32m      1[0m [38;5;66;03m# prompt: Give me an example of an ugly 2D function, plot it as a surface in plotly and show its gradients in arrows[39;00m
[0;32m      3[0m [38;5;28;01mimport[39;00m [38;5;21;01mnumpy[39;00m [38;5;28;01mas[39;00m [38;5;21;01mnp[39;00m
[1;32m----> 4[0m [38;5;28;01mimport[39;00m [38;5;21;01mplotly[39;00m[38;5;21;01m.[39;00m[38;5;21;01mgraph_objects[39;00m [38;5;28;01mas[39;00m [38;5;21;01mgo[39;00m
[0;32m      5[0m [38;5;28;01mimport[39;00m [38;5;21;01mplotly[39;00m[38;5;21;01m.[39;00m[38;5;21;01mfigure_factory[39;00m [38;5;28;01mas[39;00m [38;5;21;01mff[39;00m
[0;32m      7[0m [38;5;66;03m# Define the function[39;00m

[1;31mModuleNotFoundError[0m: No module named 'plotly'

