Traceback (most recent call last):
  File "C:\Users\malik\AppData\Local\Packages\PythonSoftwareFoundation.Python.3.11_qbz5n2kfra8p0\LocalCache\local-packages\Python311\site-packages\jupyter_cache\executors\utils.py", line 58, in single_nb_execution
    executenb(
  File "C:\Users\malik\AppData\Local\Packages\PythonSoftwareFoundation.Python.3.11_qbz5n2kfra8p0\LocalCache\local-packages\Python311\site-packages\nbclient\client.py", line 1314, in execute
    return NotebookClient(nb=nb, resources=resources, km=km, **kwargs).execute()
           ^^^^^^^^^^^^^^^^^^^^^^^^^^^^^^^^^^^^^^^^^^^^^^^^^^^^^^^^^^^^^^^^^^^^^
  File "C:\Users\malik\AppData\Local\Packages\PythonSoftwareFoundation.Python.3.11_qbz5n2kfra8p0\LocalCache\local-packages\Python311\site-packages\jupyter_core\utils\__init__.py", line 165, in wrapped
    return loop.run_until_complete(inner)
           ^^^^^^^^^^^^^^^^^^^^^^^^^^^^^^
  File "C:\Program Files\WindowsApps\PythonSoftwareFoundation.Python.3.11_3.11.2544.0_x64__qbz5n2kfra8p0\Lib\asyncio\base_events.py", line 654, in run_until_complete
    return future.result()
           ^^^^^^^^^^^^^^^
  File "C:\Users\malik\AppData\Local\Packages\PythonSoftwareFoundation.Python.3.11_qbz5n2kfra8p0\LocalCache\local-packages\Python311\site-packages\nbclient\client.py", line 709, in async_execute
    await self.async_execute_cell(
  File "C:\Users\malik\AppData\Local\Packages\PythonSoftwareFoundation.Python.3.11_qbz5n2kfra8p0\LocalCache\local-packages\Python311\site-packages\nbclient\client.py", line 1062, in async_execute_cell
    await self._check_raise_for_error(cell, cell_index, exec_reply)
  File "C:\Users\malik\AppData\Local\Packages\PythonSoftwareFoundation.Python.3.11_qbz5n2kfra8p0\LocalCache\local-packages\Python311\site-packages\nbclient\client.py", line 918, in _check_raise_for_error
    raise CellExecutionError.from_cell_and_msg(cell, exec_reply_content)
nbclient.exceptions.CellExecutionError: An error occurred while executing the following cell:
------------------
import numpy as np
from scipy.linalg import solve
import plotly.graph_objects as go

def newton_method(f, grad_f, hessian_f, x0, tol=1e-6, max_iter=100):
  x = x0
  print(x)
  guesses = [x]
  for _ in range(max_iter):
    grad = grad_f(x)
    hess = hessian_f(x)

    # ~~ What goes here?

    ###
    delta_x = solve(hess, -grad, assume_a = 'sym')
    ###
    x = x + delta_x
    guesses.append(x)
    print(x)
    if np.linalg.norm(grad) < tol:
      break

  # Create a surface plot of the function
  x = np.linspace(-2, 2, 100)
  y = np.linspace(-2, 2, 100)
  X, Y = np.meshgrid(x, y)
  Z = f([X, Y])

  fig = go.Figure(data=[go.Surface(x=X, y=Y, z=Z)])

  # Add markers for each guess
  for guess in guesses:
    fig.add_trace(go.Scatter3d(
        x=[guess[0]],
        y=[guess[1]],
        z=[f(guess)],
        mode='markers',
        marker=dict(
            size=5,
            color='red'
        )
    ))

  fig.update_layout(
      title='Newton\'s Method Optimization',
      scene=dict(
          xaxis_title='x',
          yaxis_title='y',
          zaxis_title='f(x,y)'
      )
  )
  fig.show()
------------------


[1;31m---------------------------------------------------------------------------[0m
[1;31mModuleNotFoundError[0m                       Traceback (most recent call last)
Cell [1;32mIn[1], line 2[0m
[0;32m      1[0m [38;5;28;01mimport[39;00m [38;5;21;01mnumpy[39;00m [38;5;28;01mas[39;00m [38;5;21;01mnp[39;00m
[1;32m----> 2[0m [38;5;28;01mfrom[39;00m [38;5;21;01mscipy[39;00m[38;5;21;01m.[39;00m[38;5;21;01mlinalg[39;00m [38;5;28;01mimport[39;00m solve
[0;32m      3[0m [38;5;28;01mimport[39;00m [38;5;21;01mplotly[39;00m[38;5;21;01m.[39;00m[38;5;21;01mgraph_objects[39;00m [38;5;28;01mas[39;00m [38;5;21;01mgo[39;00m
[0;32m      5[0m [38;5;28;01mdef[39;00m [38;5;21mnewton_method[39m(f, grad_f, hessian_f, x0, tol[38;5;241m=[39m[38;5;241m1e-6[39m, max_iter[38;5;241m=[39m[38;5;241m100[39m):

[1;31mModuleNotFoundError[0m: No module named 'scipy'

