Traceback (most recent call last):
  File "C:\Users\malik\AppData\Local\Programs\Python\Python313\Lib\site-packages\jupyter_cache\executors\utils.py", line 58, in single_nb_execution
    executenb(
    ~~~~~~~~~^
        nb,
        ^^^
    ...<4 lines>...
        **kwargs,
        ^^^^^^^^^
    )
    ^
  File "C:\Users\malik\AppData\Local\Programs\Python\Python313\Lib\site-packages\nbclient\client.py", line 1314, in execute
    return NotebookClient(nb=nb, resources=resources, km=km, **kwargs).execute()
           ~~~~~~~~~~~~~~~~~~~~~~~~~~~~~~~~~~~~~~~~~~~~~~~~~~~~~~~~~~~~~~~~~~~^^
  File "C:\Users\malik\AppData\Local\Programs\Python\Python313\Lib\site-packages\jupyter_core\utils\__init__.py", line 165, in wrapped
    return loop.run_until_complete(inner)
           ~~~~~~~~~~~~~~~~~~~~~~~^^^^^^^
  File "C:\Users\malik\AppData\Local\Programs\Python\Python313\Lib\asyncio\base_events.py", line 721, in run_until_complete
    return future.result()
           ~~~~~~~~~~~~~^^
  File "C:\Users\malik\AppData\Local\Programs\Python\Python313\Lib\site-packages\nbclient\client.py", line 709, in async_execute
    await self.async_execute_cell(
        cell, index, execution_count=self.code_cells_executed + 1
    )
  File "C:\Users\malik\AppData\Local\Programs\Python\Python313\Lib\site-packages\nbclient\client.py", line 1062, in async_execute_cell
    await self._check_raise_for_error(cell, cell_index, exec_reply)
  File "C:\Users\malik\AppData\Local\Programs\Python\Python313\Lib\site-packages\nbclient\client.py", line 918, in _check_raise_for_error
    raise CellExecutionError.from_cell_and_msg(cell, exec_reply_content)
nbclient.exceptions.CellExecutionError: An error occurred while executing the following cell:
------------------
# prompt: Draw a function with a clear local and global minima, labelled

import matplotlib.pyplot as plt
import numpy as np
import scipy as sp

x = np.linspace(-2, 2, 100)
f = lambda x: x**2 + -np.cos(5 * x)
y = f(x)

plt.plot(x, y)
plt.xlabel("x")
plt.ylabel("F(x)")
plt.title("Function with Local and Global Minima")

# Annotate the global minimum
plt.scatter(0, np.min(y), color='red', label='Global Minimum')
plt.annotate('Global Minimum', xy=(0, np.min(y)), xytext=(0, np.min(y) + 1), ha='center', arrowprops=dict(arrowstyle='->'))

# Annotate a local minimum (approximately)
opt =  sp.optimize.minimize(f,1)
local_min_x = opt.x
local_min_y = opt.fun
plt.scatter(local_min_x, local_min_y, color='blue', label='Local Minimum')
plt.annotate('Local Minimum', xy=(local_min_x, local_min_y), xytext=(local_min_x, local_min_y + 1), ha='center', arrowprops=dict(arrowstyle='->'))

plt.legend()
plt.show()

------------------


[1;31m---------------------------------------------------------------------------[0m
[1;31mModuleNotFoundError[0m                       Traceback (most recent call last)
Cell [1;32mIn[1], line 3[0m
[0;32m      1[0m [38;5;66;03m# prompt: Draw a function with a clear local and global minima, labelled[39;00m
[1;32m----> 3[0m [38;5;28;01mimport[39;00m [38;5;21;01mmatplotlib[39;00m[38;5;21;01m.[39;00m[38;5;21;01mpyplot[39;00m [38;5;28;01mas[39;00m [38;5;21;01mplt[39;00m
[0;32m      4[0m [38;5;28;01mimport[39;00m [38;5;21;01mnumpy[39;00m [38;5;28;01mas[39;00m [38;5;21;01mnp[39;00m
[0;32m      5[0m [38;5;28;01mimport[39;00m [38;5;21;01mscipy[39;00m [38;5;28;01mas[39;00m [38;5;21;01msp[39;00m

[1;31mModuleNotFoundError[0m: No module named 'matplotlib'

